2013/11/11 16:42:07 [error] [system.db.CDbCommand] CDbCommand::execute() fehlgeschlagen: SQLSTATE[23000]: Integrity constraint violation: 1452 Cannot add or update a child row: a foreign key constraint fails (`meet-and-eat`.`events`, CONSTRAINT `fk_EVENTS_USER1` FOREIGN KEY (`USER_idUser`) REFERENCES `user` (`idUser`) ON DELETE NO ACTION ON UPDATE NO ACTION). Der SQL-Ausdruck war: INSERT INTO `events` (`date`, `USER_idUser`, `description`, `max_guests`) VALUES (:yp0, :yp1, :yp2, :yp3).
in C:\xampp\htdocs\meet-and-eat-yii\protected\controllers\EventsController.php (73)
in C:\xampp\htdocs\meet-and-eat-yii\index.php (13)
2013/11/11 16:42:07 [error] [exception.CDbException] exception 'CDbException' with message 'CDbCommand konnte das SQL-Statement nicht ausführen: SQLSTATE[23000]: Integrity constraint violation: 1452 Cannot add or update a child row: a foreign key constraint fails (`meet-and-eat`.`events`, CONSTRAINT `fk_EVENTS_USER1` FOREIGN KEY (`USER_idUser`) REFERENCES `user` (`idUser`) ON DELETE NO ACTION ON UPDATE NO ACTION). The SQL statement executed was: INSERT INTO `events` (`date`, `USER_idUser`, `description`, `max_guests`) VALUES (:yp0, :yp1, :yp2, :yp3)' in C:\xampp\htdocs\yii\framework\db\CDbCommand.php:358
Stack trace:
#0 C:\xampp\htdocs\yii\framework\db\ar\CActiveRecord.php(1077): CDbCommand->execute()
#1 C:\xampp\htdocs\yii\framework\db\ar\CActiveRecord.php(806): CActiveRecord->insert(NULL)
#2 C:\xampp\htdocs\meet-and-eat-yii\protected\controllers\EventsController.php(73): CActiveRecord->save()
#3 C:\xampp\htdocs\yii\framework\web\actions\CInlineAction.php(49): EventsController->actionCreate()
#4 C:\xampp\htdocs\yii\framework\web\CController.php(308): CInlineAction->runWithParams(Array)
#5 C:\xampp\htdocs\yii\framework\web\filters\CFilterChain.php(133): CController->runAction(Object(CInlineAction))
#6 C:\xampp\htdocs\yii\framework\web\filters\CFilter.php(40): CFilterChain->run()
#7 C:\xampp\htdocs\yii\framework\web\CController.php(1145): CFilter->filter(Object(CFilterChain))
#8 C:\xampp\htdocs\yii\framework\web\filters\CInlineFilter.php(58): CController->filterAccessControl(Object(CFilterChain))
#9 C:\xampp\htdocs\yii\framework\web\filters\CFilterChain.php(130): CInlineFilter->filter(Object(CFilterChain))
#10 C:\xampp\htdocs\yii\framework\web\CController.php(291): CFilterChain->run()
#11 C:\xampp\htdocs\yii\framework\web\CController.php(265): CController->runActionWithFilters(Object(CInlineAction), Array)
#12 C:\xampp\htdocs\yii\framework\web\CWebApplication.php(282): CController->run('create')
#13 C:\xampp\htdocs\yii\framework\web\CWebApplication.php(141): CWebApplication->runController('events/create')
#14 C:\xampp\htdocs\yii\framework\base\CApplication.php(180): CWebApplication->processRequest()
#15 C:\xampp\htdocs\meet-and-eat-yii\index.php(13): CApplication->run()
#16 {main}
REQUEST_URI=/meet-and-eat-yii/index.php?r=events/create
HTTP_REFERER=http://localhost/meet-and-eat-yii/index.php?r=events/create
---
2013/11/11 16:47:30 [error] [exception.CHttpException.404] exception 'CHttpException' with message 'Das System konnte die angeforderte Action "list" nicht finden.' in C:\xampp\htdocs\yii\framework\web\CController.php:483
Stack trace:
#0 C:\xampp\htdocs\yii\framework\web\CController.php(270): CController->missingAction('list')
#1 C:\xampp\htdocs\yii\framework\web\CWebApplication.php(282): CController->run('list')
#2 C:\xampp\htdocs\yii\framework\web\CWebApplication.php(141): CWebApplication->runController('events/list')
#3 C:\xampp\htdocs\yii\framework\base\CApplication.php(180): CWebApplication->processRequest()
#4 C:\xampp\htdocs\meet-and-eat-yii\index.php(13): CApplication->run()
#5 {main}
REQUEST_URI=/meet-and-eat-yii/index.php?r=events/list
HTTP_REFERER=http://localhost/meet-and-eat-yii/index.php?r=site/index
---
2013/11/11 16:47:49 [error] [exception.CHttpException.404] exception 'CHttpException' with message 'Das System konnte die angeforderte Action "list" nicht finden.' in C:\xampp\htdocs\yii\framework\web\CController.php:483
Stack trace:
#0 C:\xampp\htdocs\yii\framework\web\CController.php(270): CController->missingAction('list')
#1 C:\xampp\htdocs\yii\framework\web\CWebApplication.php(282): CController->run('list')
#2 C:\xampp\htdocs\yii\framework\web\CWebApplication.php(141): CWebApplication->runController('events/list')
#3 C:\xampp\htdocs\yii\framework\base\CApplication.php(180): CWebApplication->processRequest()
#4 C:\xampp\htdocs\meet-and-eat-yii\index.php(13): CApplication->run()
#5 {main}
REQUEST_URI=/meet-and-eat-yii/index.php?r=events/list
HTTP_REFERER=http://localhost/meet-and-eat-yii/index.php?r=events/list
---
2013/11/11 17:03:26 [error] [php] Indirect modification of overloaded property Events::$attributes has no effect (C:\xampp\htdocs\meet-and-eat-yii\protected\controllers\EventsController.php:73)
Stack trace:
#0 C:\xampp\htdocs\yii\framework\web\filters\CFilterChain.php(133): EventsController->runAction()
#1 C:\xampp\htdocs\yii\framework\web\filters\CFilter.php(40): CFilterChain->run()
#2 C:\xampp\htdocs\yii\framework\web\CController.php(1145): CAccessControlFilter->filter()
#3 C:\xampp\htdocs\yii\framework\web\filters\CInlineFilter.php(58): EventsController->filterAccessControl()
#4 C:\xampp\htdocs\yii\framework\web\filters\CFilterChain.php(130): CInlineFilter->filter()
#5 C:\xampp\htdocs\yii\framework\web\CController.php(291): CFilterChain->run()
#6 C:\xampp\htdocs\yii\framework\web\CController.php(265): EventsController->runActionWithFilters()
#7 C:\xampp\htdocs\yii\framework\web\CWebApplication.php(282): EventsController->run()
#8 C:\xampp\htdocs\yii\framework\web\CWebApplication.php(141): CWebApplication->runController()
#9 C:\xampp\htdocs\yii\framework\base\CApplication.php(180): CWebApplication->processRequest()
#10 C:\xampp\htdocs\meet-and-eat-yii\index.php(13): CWebApplication->run()
REQUEST_URI=/meet-and-eat-yii/index.php?r=events/create
in C:\xampp\htdocs\meet-and-eat-yii\protected\controllers\EventsController.php (73)
in C:\xampp\htdocs\meet-and-eat-yii\index.php (13)
2013/11/11 17:37:42 [error] [exception.CHttpException.403] exception 'CHttpException' with message 'Sie sind nicht berechtigt, diese Aktion auszuführen.' in C:\xampp\htdocs\yii\framework\web\auth\CAccessControlFilter.php:182
Stack trace:
#0 C:\xampp\htdocs\yii\framework\web\auth\CAccessControlFilter.php(145): CAccessControlFilter->accessDenied(Object(CWebUser), 'Sie sind nicht ...')
#1 C:\xampp\htdocs\yii\framework\web\filters\CFilter.php(38): CAccessControlFilter->preFilter(Object(CFilterChain))
#2 C:\xampp\htdocs\yii\framework\web\CController.php(1145): CFilter->filter(Object(CFilterChain))
#3 C:\xampp\htdocs\yii\framework\web\filters\CInlineFilter.php(58): CController->filterAccessControl(Object(CFilterChain))
#4 C:\xampp\htdocs\yii\framework\web\filters\CFilterChain.php(130): CInlineFilter->filter(Object(CFilterChain))
#5 C:\xampp\htdocs\yii\framework\web\CController.php(291): CFilterChain->run()
#6 C:\xampp\htdocs\yii\framework\web\CController.php(265): CController->runActionWithFilters(Object(CInlineAction), Array)
#7 C:\xampp\htdocs\yii\framework\web\CWebApplication.php(282): CController->run('admin')
#8 C:\xampp\htdocs\yii\framework\web\CWebApplication.php(141): CWebApplication->runController('user/admin')
#9 C:\xampp\htdocs\yii\framework\base\CApplication.php(180): CWebApplication->processRequest()
#10 C:\xampp\htdocs\meet-and-eat-yii\index.php(13): CApplication->run()
#11 {main}
REQUEST_URI=/meet-and-eat-yii/index.php?r=user/admin
HTTP_REFERER=http://localhost/meet-and-eat-yii/index.php?r=user/create
---
2013/11/13 20:24:28 [error] [exception.CHttpException.404] exception 'CHttpException' with message 'Konnte den Request "ingredients" nicht auflösen.' in C:\xampp\htdocs\yii\framework\web\CWebApplication.php:286
Stack trace:
#0 C:\xampp\htdocs\yii\framework\web\CWebApplication.php(141): CWebApplication->runController('ingredients')
#1 C:\xampp\htdocs\yii\framework\base\CApplication.php(180): CWebApplication->processRequest()
#2 C:\xampp\htdocs\meet-and-eat-yii\index.php(13): CApplication->run()
#3 {main}
REQUEST_URI=/meet-and-eat-yii/index.php?r=ingredients
---
2013/11/13 20:28:11 [error] [system.db.CDbCommand] CDbCommand::execute() fehlgeschlagen: SQLSTATE[23000]: Integrity constraint violation: 1452 Cannot add or update a child row: a foreign key constraint fails (`meet-and-eat`.`ingredents`, CONSTRAINT `fk_ingredents_RECIPE1` FOREIGN KEY (`RECIPE_idRECIPE`) REFERENCES `recipe` (`idRECIPE`) ON DELETE NO ACTION ON UPDATE NO ACTION). Der SQL-Ausdruck war: INSERT INTO `ingredents` (`RECIPE_idRECIPE`, `name`, `amount`, `amount_description`) VALUES (:yp0, :yp1, :yp2, :yp3).
in C:\xampp\htdocs\meet-and-eat-yii\protected\controllers\IngredentsController.php (73)
in C:\xampp\htdocs\meet-and-eat-yii\index.php (13)
2013/11/13 20:28:11 [error] [exception.CDbException] exception 'CDbException' with message 'CDbCommand konnte das SQL-Statement nicht ausführen: SQLSTATE[23000]: Integrity constraint violation: 1452 Cannot add or update a child row: a foreign key constraint fails (`meet-and-eat`.`ingredents`, CONSTRAINT `fk_ingredents_RECIPE1` FOREIGN KEY (`RECIPE_idRECIPE`) REFERENCES `recipe` (`idRECIPE`) ON DELETE NO ACTION ON UPDATE NO ACTION). The SQL statement executed was: INSERT INTO `ingredents` (`RECIPE_idRECIPE`, `name`, `amount`, `amount_description`) VALUES (:yp0, :yp1, :yp2, :yp3)' in C:\xampp\htdocs\yii\framework\db\CDbCommand.php:358
Stack trace:
#0 C:\xampp\htdocs\yii\framework\db\ar\CActiveRecord.php(1077): CDbCommand->execute()
#1 C:\xampp\htdocs\yii\framework\db\ar\CActiveRecord.php(806): CActiveRecord->insert(NULL)
#2 C:\xampp\htdocs\meet-and-eat-yii\protected\controllers\IngredentsController.php(73): CActiveRecord->save()
#3 C:\xampp\htdocs\yii\framework\web\actions\CInlineAction.php(49): IngredentsController->actionCreate()
#4 C:\xampp\htdocs\yii\framework\web\CController.php(308): CInlineAction->runWithParams(Array)
#5 C:\xampp\htdocs\yii\framework\web\filters\CFilterChain.php(133): CController->runAction(Object(CInlineAction))
#6 C:\xampp\htdocs\yii\framework\web\filters\CFilter.php(40): CFilterChain->run()
#7 C:\xampp\htdocs\yii\framework\web\CController.php(1145): CFilter->filter(Object(CFilterChain))
#8 C:\xampp\htdocs\yii\framework\web\filters\CInlineFilter.php(58): CController->filterAccessControl(Object(CFilterChain))
#9 C:\xampp\htdocs\yii\framework\web\filters\CFilterChain.php(130): CInlineFilter->filter(Object(CFilterChain))
#10 C:\xampp\htdocs\yii\framework\web\CController.php(291): CFilterChain->run()
#11 C:\xampp\htdocs\yii\framework\web\CController.php(265): CController->runActionWithFilters(Object(CInlineAction), Array)
#12 C:\xampp\htdocs\yii\framework\web\CWebApplication.php(282): CController->run('create')
#13 C:\xampp\htdocs\yii\framework\web\CWebApplication.php(141): CWebApplication->runController('ingredents/crea...')
#14 C:\xampp\htdocs\yii\framework\base\CApplication.php(180): CWebApplication->processRequest()
#15 C:\xampp\htdocs\meet-and-eat-yii\index.php(13): CApplication->run()
#16 {main}
REQUEST_URI=/meet-and-eat-yii/index.php?r=ingredents/create
HTTP_REFERER=http://localhost/meet-and-eat-yii/index.php?r=ingredents/create
---
2013/11/13 20:28:56 [error] [exception.CHttpException.404] exception 'CHttpException' with message 'Konnte den Request "pictruesrecipe" nicht auflösen.' in C:\xampp\htdocs\yii\framework\web\CWebApplication.php:286
Stack trace:
#0 C:\xampp\htdocs\yii\framework\web\CWebApplication.php(141): CWebApplication->runController('pictruesrecipe')
#1 C:\xampp\htdocs\yii\framework\base\CApplication.php(180): CWebApplication->processRequest()
#2 C:\xampp\htdocs\meet-and-eat-yii\index.php(13): CApplication->run()
#3 {main}
REQUEST_URI=/meet-and-eat-yii/index.php?r=pictruesrecipe
---
2013/11/13 20:29:03 [error] [exception.CHttpException.404] exception 'CHttpException' with message 'Konnte den Request "pictrues_recipe" nicht auflösen.' in C:\xampp\htdocs\yii\framework\web\CWebApplication.php:286
Stack trace:
#0 C:\xampp\htdocs\yii\framework\web\CWebApplication.php(141): CWebApplication->runController('pictrues_recipe')
#1 C:\xampp\htdocs\yii\framework\base\CApplication.php(180): CWebApplication->processRequest()
#2 C:\xampp\htdocs\meet-and-eat-yii\index.php(13): CApplication->run()
#3 {main}
REQUEST_URI=/meet-and-eat-yii/index.php?r=pictrues_recipe
---
2013/11/13 20:51:14 [error] [exception.CHttpException.403] exception 'CHttpException' with message 'Sie sind nicht berechtigt, diese Aktion auszuführen.' in C:\xampp\htdocs\yii\framework\web\auth\CAccessControlFilter.php:182
Stack trace:
#0 C:\xampp\htdocs\yii\framework\web\auth\CAccessControlFilter.php(145): CAccessControlFilter->accessDenied(Object(CWebUser), 'Sie sind nicht ...')
#1 C:\xampp\htdocs\yii\framework\web\filters\CFilter.php(38): CAccessControlFilter->preFilter(Object(CFilterChain))
#2 C:\xampp\htdocs\yii\framework\web\CController.php(1145): CFilter->filter(Object(CFilterChain))
#3 C:\xampp\htdocs\yii\framework\web\filters\CInlineFilter.php(58): CController->filterAccessControl(Object(CFilterChain))
#4 C:\xampp\htdocs\yii\framework\web\filters\CFilterChain.php(130): CInlineFilter->filter(Object(CFilterChain))
#5 C:\xampp\htdocs\yii\framework\web\CController.php(291): CFilterChain->run()
#6 C:\xampp\htdocs\yii\framework\web\CController.php(265): CController->runActionWithFilters(Object(CInlineAction), Array)
#7 C:\xampp\htdocs\yii\framework\web\CWebApplication.php(282): CController->run('admin')
#8 C:\xampp\htdocs\yii\framework\web\CWebApplication.php(141): CWebApplication->runController('ingredents/admi...')
#9 C:\xampp\htdocs\yii\framework\base\CApplication.php(180): CWebApplication->processRequest()
#10 C:\xampp\htdocs\meet-and-eat-yii\index.php(13): CApplication->run()
#11 {main}
REQUEST_URI=/meet-and-eat-yii/index.php?r=ingredents/admin
HTTP_REFERER=http://localhost/meet-and-eat-yii/index.php?r=ingredents
---
2013/11/13 20:58:41 [error] [exception.CHttpException.404] exception 'CHttpException' with message 'Konnte den Request "admin" nicht auflösen.' in C:\xampp\htdocs\yii\framework\web\CWebApplication.php:286
Stack trace:
#0 C:\xampp\htdocs\yii\framework\web\CWebApplication.php(141): CWebApplication->runController('admin')
#1 C:\xampp\htdocs\yii\framework\base\CApplication.php(180): CWebApplication->processRequest()
#2 C:\xampp\htdocs\meet-and-eat-yii\index.php(13): CApplication->run()
#3 {main}
REQUEST_URI=/meet-and-eat-yii/index.php?r=admin
---
2013/11/14 13:25:56 [error] [php] Indirect modification of overloaded property Events::$attributes has no effect (C:\xampp\htdocs\meet-and-eat-yii\protected\controllers\EventsController.php:73)
Stack trace:
#0 C:\xampp\htdocs\yii\framework\web\filters\CFilterChain.php(133): EventsController->runAction()
#1 C:\xampp\htdocs\yii\framework\web\filters\CFilter.php(40): CFilterChain->run()
#2 C:\xampp\htdocs\yii\framework\web\CController.php(1145): CAccessControlFilter->filter()
#3 C:\xampp\htdocs\yii\framework\web\filters\CInlineFilter.php(58): EventsController->filterAccessControl()
#4 C:\xampp\htdocs\yii\framework\web\filters\CFilterChain.php(130): CInlineFilter->filter()
#5 C:\xampp\htdocs\yii\framework\web\CController.php(291): CFilterChain->run()
#6 C:\xampp\htdocs\yii\framework\web\CController.php(265): EventsController->runActionWithFilters()
#7 C:\xampp\htdocs\yii\framework\web\CWebApplication.php(282): EventsController->run()
#8 C:\xampp\htdocs\yii\framework\web\CWebApplication.php(141): CWebApplication->runController()
#9 C:\xampp\htdocs\yii\framework\base\CApplication.php(180): CWebApplication->processRequest()
#10 C:\xampp\htdocs\meet-and-eat-yii\index.php(13): CWebApplication->run()
REQUEST_URI=/meet-and-eat-yii/index.php?r=events/create
in C:\xampp\htdocs\meet-and-eat-yii\protected\controllers\EventsController.php (73)
in C:\xampp\htdocs\meet-and-eat-yii\index.php (13)
2013/12/27 17:16:15 [error] [exception.CHttpException.403] exception 'CHttpException' with message 'Sie sind nicht berechtigt, diese Aktion auszuführen.' in C:\xampp\htdocs\yii\framework\web\auth\CAccessControlFilter.php:182
Stack trace:
#0 C:\xampp\htdocs\yii\framework\web\auth\CAccessControlFilter.php(145): CAccessControlFilter->accessDenied(Object(CWebUser), 'Sie sind nicht ...')
#1 C:\xampp\htdocs\yii\framework\web\filters\CFilter.php(38): CAccessControlFilter->preFilter(Object(CFilterChain))
#2 C:\xampp\htdocs\yii\framework\web\CController.php(1145): CFilter->filter(Object(CFilterChain))
#3 C:\xampp\htdocs\yii\framework\web\filters\CInlineFilter.php(58): CController->filterAccessControl(Object(CFilterChain))
#4 C:\xampp\htdocs\yii\framework\web\filters\CFilterChain.php(130): CInlineFilter->filter(Object(CFilterChain))
#5 C:\xampp\htdocs\yii\framework\web\CController.php(291): CFilterChain->run()
#6 C:\xampp\htdocs\yii\framework\web\CController.php(265): CController->runActionWithFilters(Object(CInlineAction), Array)
#7 C:\xampp\htdocs\yii\framework\web\CWebApplication.php(282): CController->run('admin')
#8 C:\xampp\htdocs\yii\framework\web\CWebApplication.php(141): CWebApplication->runController('events/admin')
#9 C:\xampp\htdocs\yii\framework\base\CApplication.php(180): CWebApplication->processRequest()
#10 C:\xampp\htdocs\meet-and-eat-yii\index.php(13): CApplication->run()
#11 {main}
REQUEST_URI=/meet-and-eat-yii/index.php?r=events/admin
HTTP_REFERER=http://localhost/meet-and-eat-yii/index.php?r=events/index
---
2014/01/07 14:26:53 [error] [exception.CDbException] exception 'CDbException' with message 'CDbConnection failed to open the DB connection: SQLSTATE[HY000] [1049] Unknown database 'meet-and-eat'' in C:\xampp\htdocs\meet-and-eat-yii\framework\db\CDbConnection.php:382
Stack trace:
#0 C:\xampp\htdocs\meet-and-eat-yii\framework\db\CDbConnection.php(330): CDbConnection->open()
#1 C:\xampp\htdocs\meet-and-eat-yii\framework\db\CDbConnection.php(308): CDbConnection->setActive(true)
#2 C:\xampp\htdocs\meet-and-eat-yii\framework\base\CModule.php(387): CDbConnection->init()
#3 C:\xampp\htdocs\meet-and-eat-yii\framework\base\CApplication.php(450): CModule->getComponent('db')
#4 C:\xampp\htdocs\meet-and-eat-yii\framework\db\ar\CActiveRecord.php(634): CApplication->getDb()
#5 C:\xampp\htdocs\meet-and-eat-yii\framework\db\ar\CActiveRecord.php(667): CActiveRecord->getDbConnection()
#6 C:\xampp\htdocs\meet-and-eat-yii\framework\db\ar\CActiveRecord.php(1455): CActiveRecord->getCommandBuilder()
#7 C:\xampp\htdocs\meet-and-eat-yii\protected\components\UserIdentity.php(23): CActiveRecord->find('Username=?', Array)
#8 C:\xampp\htdocs\meet-and-eat-yii\protected\models\LoginForm.php(52): UserIdentity->authenticate()
#9 C:\xampp\htdocs\meet-and-eat-yii\framework\validators\CInlineValidator.php(42): LoginForm->authenticate('password', Array)
#10 C:\xampp\htdocs\meet-and-eat-yii\framework\validators\CValidator.php(213): CInlineValidator->validateAttribute(Object(LoginForm), 'password')
#11 C:\xampp\htdocs\meet-and-eat-yii\framework\base\CModel.php(159): CValidator->validate(Object(LoginForm), NULL)
#12 C:\xampp\htdocs\meet-and-eat-yii\protected\controllers\SiteController.php(94): CModel->validate()
#13 C:\xampp\htdocs\meet-and-eat-yii\framework\web\actions\CInlineAction.php(49): SiteController->actionLogin()
#14 C:\xampp\htdocs\meet-and-eat-yii\framework\web\CController.php(308): CInlineAction->runWithParams(Array)
#15 C:\xampp\htdocs\meet-and-eat-yii\framework\web\CController.php(286): CController->runAction(Object(CInlineAction))
#16 C:\xampp\htdocs\meet-and-eat-yii\framework\web\CController.php(265): CController->runActionWithFilters(Object(CInlineAction), Array)
#17 C:\xampp\htdocs\meet-and-eat-yii\framework\web\CWebApplication.php(282): CController->run('login')
#18 C:\xampp\htdocs\meet-and-eat-yii\framework\web\CWebApplication.php(141): CWebApplication->runController('site/login')
#19 C:\xampp\htdocs\meet-and-eat-yii\framework\base\CApplication.php(180): CWebApplication->processRequest()
#20 C:\xampp\htdocs\meet-and-eat-yii\index.php(13): CApplication->run()
#21 {main}
REQUEST_URI=/meet-and-eat-yii/index.php?r=site/login
HTTP_REFERER=http://localhost/meet-and-eat-yii/index.php?r=site/login
---
